Arguments: 
  D:\Program Files\nodejs\node.exe C:\Users\Rm\AppData\Roaming\npm\node_modules\yarn\bin\yarn.js install ant-design-pro

PATH: 
  C:\Program Files (x86)\NVIDIA Corporation\PhysX\Common;C:\Program Files (x86)\Intel\iCLS Client\;C:\Program Files\Intel\iCLS Client\;C:\WINDOWS\system32;C:\WINDOWS;C:\WINDOWS\System32\Wbem;C:\WINDOWS\System32\WindowsPowerShell\v1.0\;C:\Program Files\Intel\Intel(R) Management Engine Components\DAL;C:\Program Files\Intel\Intel(R) Management Engine Components\IPT;C:\Program Files (x86)\Intel\Intel(R) Management Engine Components\DAL;C:\Program Files (x86)\Intel\Intel(R) Management Engine Components\IPT;C:\Program Files (x86)\Intel\OpenCL SDK\2.0\bin\x86;C:\Program Files (x86)\Intel\OpenCL SDK\2.0\bin\x64;C:\Program Files\MongoDB\Server\3.4\bin;C:\Program Files\MySQL\MySQL Server 5.5\bin;D:\Microsoft VS Code\bin;C:\WINDOWS\System32\OpenSSH\;D:\Program Files\nodejs\;C:\Program Files\Git\cmd;C:\Users\Rm\AppData\Local\Microsoft\WindowsApps;D:\Microsoft VS Code\bin;F:\AppServ\Apache2.2\bin;F:\AppServ\php5;F:\AppServ\MySQL\bin;C:\Program Files\nodejs;;F:\Fiddler;C:\Users\Rm\AppData\Roaming\npm

Yarn version: 
  1.5.1

Node version: 
  10.13.0

Platform: 
  win32 x64

npm manifest: 
  No manifest

yarn manifest: 
  No manifest

Lockfile: 
  No lockfile

Trace: 
  Error: `install` has been replaced with `add` to add new dependencies. Run "yarn add ant-design-pro" instead.
      at new MessageError (C:\Users\Rm\AppData\Roaming\npm\node_modules\yarn\lib\cli.js:186:110)
      at Object.<anonymous> (C:\Users\Rm\AppData\Roaming\npm\node_modules\yarn\lib\cli.js:21987:13)
      at Generator.next (<anonymous>)
      at step (C:\Users\Rm\AppData\Roaming\npm\node_modules\yarn\lib\cli.js:98:30)
      at C:\Users\Rm\AppData\Roaming\npm\node_modules\yarn\lib\cli.js:109:13
